2025-07-14 20:35:11,570 - metadata - INFO - Starting metadata processing for file: C:\Users\MengNingLuo\Downloads\D&B_AD_GCDL Drive _20th Dec.xlsx
2025-07-14 20:35:11,571 - metadata - INFO - Processing Excel file
2025-07-14 20:35:12,382 - memory_usage - INFO - Final memory usage: 132.5MB
2025-07-14 20:35:12,384 - metadata - INFO - Metadata processing complete
2025-07-14 20:47:05,992 - metadata - INFO - Starting metadata processing for file: C:\Users\MengNingLuo\Downloads\D&B_AD_GCDL Drive _20th Dec.xlsx
2025-07-14 20:47:05,992 - metadata - INFO - Processing Excel file
2025-07-14 20:47:06,774 - memory_usage - INFO - Final memory usage: 130.8MB
2025-07-14 20:47:06,775 - metadata - INFO - Metadata processing complete
2025-07-14 20:53:05,614 - metadata - INFO - Starting metadata processing for file: C:\Users\MengNingLuo\Downloads\D&B_AD_GCDL Drive _20th Dec.xlsx
2025-07-14 20:53:05,615 - metadata - INFO - Processing Excel file
2025-07-14 20:53:06,261 - memory_usage - INFO - Final memory usage: 132.3MB
2025-07-14 20:53:06,261 - metadata - INFO - Metadata processing complete
2025-07-14 20:54:37,860 - metadata - INFO - Starting metadata processing for file: C:\Users\MengNingLuo\Downloads\D&B_AD_GCDL Drive _20th Dec.xlsx
2025-07-14 20:54:37,876 - metadata - INFO - Processing Excel file
2025-07-14 20:54:38,185 - memory_usage - INFO - Final memory usage: 132.7MB
2025-07-14 20:54:38,185 - metadata - INFO - Metadata processing complete
2025-07-31 21:56:01,129 - metadata - INFO - Starting metadata processing for file: C:\Users\MengNingLuo\Downloads\MuleSoft Practitioners.xlsx
2025-07-31 21:56:01,129 - metadata - INFO - Processing Excel file
2025-07-31 21:56:01,697 - memory_usage - INFO - Final memory usage: 132.1MB
2025-07-31 21:56:01,697 - metadata - INFO - Metadata processing complete
2025-09-22 12:00:54,420 - metadata - INFO - Starting metadata processing for file: C:\Users\MengNingLuo\Downloads\Credential T2G Report Updated on 2025-09-12 (4).csv
2025-09-22 12:00:54,422 - metadata - INFO - Processing CSV file
2025-09-22 12:00:54,629 - memory_usage - INFO - Final memory usage: 102.5MB
2025-09-22 12:00:54,629 - metadata - INFO - Metadata processing complete
2025-09-22 13:02:18,609 - metadata - INFO - Starting metadata processing for file: C:\Users\MengNingLuo\Downloads\Credential T2G Report Updated on 2025-09-12 (4).csv
2025-09-22 13:02:18,610 - metadata - INFO - Processing CSV file
2025-09-22 13:02:18,818 - memory_usage - INFO - Final memory usage: 114.5MB
2025-09-22 13:02:18,818 - metadata - INFO - Metadata processing complete
2025-09-22 13:57:56,488 - metadata - INFO - Starting metadata processing for file: C:\Users\MengNingLuo\Downloads\Credential T2G Report Updated on 2025-09-12 (4).csv
2025-09-22 13:57:56,488 - metadata - INFO - Processing CSV file
2025-09-22 13:57:56,624 - memory_usage - INFO - Final memory usage: 107.5MB
2025-09-22 13:57:56,640 - metadata - INFO - Metadata processing complete
2025-09-22 14:08:13,848 - metadata - INFO - Starting metadata processing for file: C:\Users\MengNingLuo\Downloads\Credential T2G Report Updated on 2025-09-12 (4).csv
2025-09-22 14:08:13,848 - metadata - INFO - Processing CSV file
2025-09-22 14:08:14,050 - memory_usage - INFO - Final memory usage: 108.5MB
2025-09-22 14:08:14,050 - metadata - INFO - Metadata processing complete
2025-09-22 14:22:40,445 - metadata - INFO - Starting metadata processing for file: C:\Users\MengNingLuo\Downloads\Credential T2G Report Updated on 2025-09-12 (4).csv
2025-09-22 14:22:40,445 - metadata - INFO - Processing CSV file
2025-09-22 14:22:40,601 - memory_usage - INFO - Final memory usage: 184.4MB
2025-09-22 14:22:40,602 - metadata - INFO - Metadata processing complete
2025-09-22 14:41:11,212 - metadata - INFO - Starting metadata processing for file: C:\Users\MengNingLuo\Downloads\Credential T2G Report Updated on 2025-09-12 (4).csv
2025-09-22 14:41:11,213 - metadata - INFO - Processing CSV file
2025-09-22 14:41:11,454 - memory_usage - INFO - Final memory usage: 186.2MB
2025-09-22 14:41:11,455 - metadata - INFO - Metadata processing complete
2025-09-29 13:41:36,187 - metadata - INFO - Starting metadata processing for file: C:\Users\MengNingLuo\Downloads\Loreal Certification Drive list.xlsx
2025-09-29 13:41:36,189 - metadata - INFO - Processing Excel file
2025-09-29 13:41:37,122 - memory_usage - INFO - Final memory usage: 123.6MB
2025-09-29 13:41:37,122 - metadata - INFO - Metadata processing complete
2025-09-29 13:41:40,040 - metadata - INFO - Starting metadata processing for file: C:\Users\MengNingLuo\Downloads\Credential T2G Report Updated on 2025-09-26.csv
2025-09-29 13:41:40,040 - metadata - INFO - Processing CSV file
2025-09-29 13:41:40,209 - memory_usage - INFO - Final memory usage: 124.6MB
2025-09-29 13:41:40,210 - metadata - INFO - Metadata processing complete
2025-09-29 13:44:57,556 - metadata - INFO - Starting metadata processing for file: C:\Users\MengNingLuo\Downloads\Loreal Certification Drive list.xlsx
2025-09-29 13:44:57,557 - metadata - INFO - Processing Excel file
2025-09-29 13:44:57,658 - memory_usage - INFO - Final memory usage: 124.8MB
2025-09-29 13:44:57,659 - metadata - INFO - Metadata processing complete
2025-09-29 13:45:00,386 - metadata - INFO - Starting metadata processing for file: C:\Users\MengNingLuo\Downloads\Credential T2G Report Updated on 2025-09-26.csv
2025-09-29 13:45:00,387 - metadata - INFO - Processing CSV file
2025-09-29 13:45:00,554 - memory_usage - INFO - Final memory usage: 124.8MB
2025-09-29 13:45:00,554 - metadata - INFO - Metadata processing complete
2025-09-29 13:58:26,952 - metadata - INFO - Starting metadata processing for file: C:\Users\MengNingLuo\Downloads\Loreal Certification Drive list.xlsx
2025-09-29 13:58:26,953 - metadata - INFO - Processing Excel file
2025-09-29 13:58:27,356 - memory_usage - INFO - Final memory usage: 123.1MB
2025-09-29 13:58:27,356 - metadata - INFO - Metadata processing complete
2025-09-29 13:58:29,971 - metadata - INFO - Starting metadata processing for file: C:\Users\MengNingLuo\Downloads\Credential T2G Report Updated on 2025-09-26.csv
2025-09-29 13:58:29,971 - metadata - INFO - Processing CSV file
2025-09-29 13:58:30,141 - memory_usage - INFO - Final memory usage: 124.0MB
2025-09-29 13:58:30,141 - metadata - INFO - Metadata processing complete
2025-09-29 14:03:12,262 - metadata - INFO - Starting metadata processing for file: C:\Users\MengNingLuo\Downloads\Loreal Certification Drive list.xlsx
2025-09-29 14:03:12,263 - metadata - INFO - Processing Excel file
2025-09-29 14:03:12,414 - memory_usage - INFO - Final memory usage: 126.5MB
2025-09-29 14:03:12,414 - metadata - INFO - Metadata processing complete
2025-09-29 14:03:17,328 - metadata - INFO - Starting metadata processing for file: C:\Users\MengNingLuo\Downloads\Credential T2G Report Updated on 2025-09-26.csv
2025-09-29 14:03:17,328 - metadata - INFO - Processing CSV file
2025-09-29 14:03:17,576 - memory_usage - INFO - Final memory usage: 126.6MB
2025-09-29 14:03:17,577 - metadata - INFO - Metadata processing complete
2025-09-29 14:03:23,907 - metadata - INFO - Starting metadata processing for file: C:\Users\MengNingLuo\Downloads\Loreal Certification Drive list.xlsx
2025-09-29 14:03:23,907 - metadata - INFO - Processing Excel file
2025-09-29 14:03:24,023 - memory_usage - INFO - Final memory usage: 126.6MB
2025-09-29 14:03:24,023 - metadata - INFO - Metadata processing complete
2025-09-29 14:05:06,329 - metadata - INFO - Starting metadata processing for file: C:\Users\MengNingLuo\Downloads\Loreal Certification Drive list.xlsx
2025-09-29 14:05:06,329 - metadata - INFO - Processing Excel file
2025-09-29 14:05:06,469 - memory_usage - INFO - Final memory usage: 126.6MB
2025-09-29 14:05:06,469 - metadata - INFO - Metadata processing complete
2025-09-29 14:05:10,757 - metadata - INFO - Starting metadata processing for file: C:\Users\MengNingLuo\Downloads\Credential T2G Report Updated on 2025-09-26.csv
2025-09-29 14:05:10,758 - metadata - INFO - Processing CSV file
2025-09-29 14:05:11,141 - memory_usage - INFO - Final memory usage: 126.7MB
2025-09-29 14:05:11,142 - metadata - INFO - Metadata processing complete
2025-09-29 14:18:33,450 - metadata - INFO - Starting metadata processing for file: C:\Users\MengNingLuo\Downloads\Loreal Certification Drive list.xlsx
2025-09-29 14:18:33,450 - metadata - INFO - Processing Excel file
2025-09-29 14:18:33,656 - memory_usage - INFO - Final memory usage: 112.0MB
2025-09-29 14:18:33,657 - metadata - INFO - Metadata processing complete
2025-09-29 14:18:36,459 - metadata - INFO - Starting metadata processing for file: C:\Users\MengNingLuo\Downloads\Credential T2G Report Updated on 2025-09-26.csv
2025-09-29 14:18:36,459 - metadata - INFO - Processing CSV file
2025-09-29 14:18:36,847 - memory_usage - INFO - Final memory usage: 112.0MB
2025-09-29 14:18:36,848 - metadata - INFO - Metadata processing complete
2025-09-29 14:23:40,221 - metadata - INFO - Starting metadata processing for file: C:\Users\MengNingLuo\Downloads\Loreal Certification Drive list.xlsx
2025-09-29 14:23:40,222 - metadata - INFO - Processing Excel file
2025-09-29 14:23:40,331 - memory_usage - INFO - Final memory usage: 115.2MB
2025-09-29 14:23:40,332 - metadata - INFO - Metadata processing complete
2025-09-29 14:26:36,551 - metadata - INFO - Starting metadata processing for file: C:\Users\MengNingLuo\Downloads\Loreal Certification Drive list.xlsx
2025-09-29 14:26:36,551 - metadata - INFO - Processing Excel file
2025-09-29 14:26:36,641 - memory_usage - INFO - Final memory usage: 116.9MB
2025-09-29 14:26:36,641 - metadata - INFO - Metadata processing complete
2025-09-29 14:26:40,960 - metadata - INFO - Starting metadata processing for file: C:\Users\MengNingLuo\Downloads\Credential Report.csv
2025-09-29 14:26:40,961 - memory_usage - INFO - Final memory usage: 114.6MB
2025-09-29 14:26:40,961 - metadata - INFO - Metadata processing complete
2025-09-29 14:28:12,323 - metadata - INFO - Starting metadata processing for file: C:\Users\MengNingLuo\Downloads\Loreal Certification Drive list.xlsx
2025-09-29 14:28:12,323 - metadata - INFO - Processing Excel file
2025-09-29 14:28:12,413 - memory_usage - INFO - Final memory usage: 102.7MB
2025-09-29 14:28:12,414 - metadata - INFO - Metadata processing complete
2025-09-29 14:28:16,360 - metadata - INFO - Starting metadata processing for file: C:\Users\MengNingLuo\Downloads\Credential T2G Report Updated on 2025-09-26.csv
2025-09-29 14:28:16,362 - metadata - INFO - Processing CSV file
2025-09-29 14:28:16,500 - memory_usage - INFO - Final memory usage: 103.7MB
2025-09-29 14:28:16,500 - metadata - INFO - Metadata processing complete
2025-09-29 14:28:48,641 - metadata - INFO - Starting metadata processing for file: C:\Users\MengNingLuo\Downloads\Loreal Certification Drive list.xlsx
2025-09-29 14:28:48,641 - metadata - INFO - Processing Excel file
2025-09-29 14:28:48,751 - memory_usage - INFO - Final memory usage: 103.9MB
2025-09-29 14:28:48,752 - metadata - INFO - Metadata processing complete
2025-09-29 14:28:51,551 - metadata - INFO - Starting metadata processing for file: C:\Users\MengNingLuo\Downloads\Credential T2G Report Updated on 2025-09-26.csv
2025-09-29 14:28:51,551 - metadata - INFO - Processing CSV file
2025-09-29 14:28:51,687 - memory_usage - INFO - Final memory usage: 103.3MB
2025-09-29 14:28:51,688 - metadata - INFO - Metadata processing complete
2025-09-29 14:32:15,957 - metadata - INFO - Starting metadata processing for file: C:\Users\MengNingLuo\Downloads\Loreal Certification Drive list.xlsx
2025-09-29 14:32:15,958 - metadata - INFO - Processing Excel file
2025-09-29 14:32:16,069 - memory_usage - INFO - Final memory usage: 102.6MB
2025-09-29 14:32:16,069 - metadata - INFO - Metadata processing complete
2025-09-29 14:32:17,868 - metadata - INFO - Starting metadata processing for file: C:\Users\MengNingLuo\Downloads\Credential T2G Report Updated on 2025-09-26.csv
2025-09-29 14:32:17,868 - metadata - INFO - Processing CSV file
2025-09-29 14:32:18,012 - memory_usage - INFO - Final memory usage: 103.1MB
2025-09-29 14:32:18,012 - metadata - INFO - Metadata processing complete
2025-09-29 14:38:42,871 - metadata - INFO - Starting metadata processing for file: C:\Users\MengNingLuo\Downloads\Loreal Certification Drive list.xlsx
2025-09-29 14:38:42,871 - metadata - INFO - Processing Excel file
2025-09-29 14:38:44,501 - memory_usage - INFO - Final memory usage: 123.2MB
2025-09-29 14:38:44,501 - metadata - INFO - Metadata processing complete
2025-09-29 14:38:46,015 - metadata - INFO - Starting metadata processing for file: C:\Users\MengNingLuo\Downloads\Credential T2G Report Updated on 2025-09-26.csv
2025-09-29 14:38:46,017 - metadata - INFO - Processing CSV file
2025-09-29 14:38:46,575 - memory_usage - INFO - Final memory usage: 124.1MB
2025-09-29 14:38:46,575 - metadata - INFO - Metadata processing complete
2025-10-13 16:09:01,664 - metadata - INFO - Starting metadata processing for file: C:\Users\MengNingLuo\Downloads\Credential T2G Report Updated on 2025-10-10.csv
2025-10-13 16:09:01,664 - metadata - INFO - Processing CSV file
2025-10-13 16:09:01,878 - memory_usage - INFO - Final memory usage: 114.6MB
2025-10-13 16:09:01,878 - metadata - INFO - Metadata processing complete
2025-10-13 16:10:52,203 - metadata - INFO - Starting metadata processing for file: C:\Users\MengNingLuo\Downloads\Credential T2G Report Updated on 2025-10-10.csv
2025-10-13 16:10:52,203 - metadata - INFO - Processing CSV file
2025-10-13 16:10:52,381 - memory_usage - INFO - Final memory usage: 115.7MB
2025-10-13 16:10:52,381 - metadata - INFO - Metadata processing complete
2025-10-13 16:16:41,670 - metadata - INFO - Starting metadata processing for file: C:\Users\MengNingLuo\Downloads\Credential T2G Report Updated on 2025-10-10.csv
2025-10-13 16:16:41,676 - metadata - INFO - Processing CSV file
2025-10-13 16:16:41,840 - memory_usage - INFO - Final memory usage: 115.3MB
2025-10-13 16:16:41,840 - metadata - INFO - Metadata processing complete
2025-10-13 17:19:22,024 - metadata - INFO - Starting metadata processing for file: C:\Users\MengNingLuo\Downloads\Credential T2G Report Updated on 2025-10-10.csv
2025-10-13 17:19:22,025 - metadata - INFO - Processing CSV file
2025-10-13 17:19:22,216 - memory_usage - INFO - Final memory usage: 113.5MB
2025-10-13 17:19:22,217 - metadata - INFO - Metadata processing complete
2025-10-13 18:36:18,329 - metadata - INFO - Starting column value analysis for file: C:\Users\MengNingLuo\Downloads\Credential T2G Report Updated on 2025-10-10.csv
2025-10-13 18:36:18,329 - metadata - INFO - Processing CSV file for column analysis
2025-10-13 18:38:30,038 - metadata - INFO - Starting column value analysis for file: C:\Users\MengNingLuo\Downloads\Credential T2G Report Updated on 2025-10-10 (2).csv
2025-10-13 18:38:30,039 - metadata - INFO - Processing CSV file for column analysis
2025-10-13 19:03:32,088 - metadata - INFO - Starting column value analysis for file: C:\Users\MengNingLuo\Downloads\Credential T2G Report Updated on 2025-10-10 (2).csv
2025-10-13 19:03:32,088 - metadata - INFO - Processing CSV file for column analysis
2025-10-13 19:23:47,225 - metadata - INFO - Starting column value analysis for file: C:\Users\MengNingLuo\Downloads\Credential T2G Report Updated on 2025-10-10 (2).csv
2025-10-13 19:23:47,226 - metadata - INFO - Processing CSV file for column analysis
2025-10-13 19:23:51,873 - metadata - INFO - Starting column value analysis for file: C:\Users\MengNingLuo\Downloads\Credential T2G Report Updated on 2025-10-10 (2).csv
2025-10-13 19:23:51,874 - metadata - INFO - Processing CSV file for column analysis
2025-10-13 19:32:30,766 - metadata - INFO - Starting column value analysis for file: C:\Users\MengNingLuo\Downloads\Credential T2G Report Updated on 2025-10-10 (2).csv
2025-10-13 19:32:30,766 - metadata - INFO - Processing CSV file for column analysis
2025-10-13 19:49:49,966 - metadata - INFO - Starting column value analysis for file: C:\Users\MengNingLuo\Downloads\Credential T2G Report Updated on 2025-10-10 (2).csv
2025-10-13 19:49:49,966 - metadata - INFO - Processing CSV file for column analysis
2025-10-13 19:51:03,233 - metadata - INFO - Starting column value analysis for file: /mnt/data/credentials_dataset.csv
2025-10-13 19:51:43,919 - metadata - INFO - Starting metadata processing for file: C:\Users\MengNingLuo\Downloads\Credential T2G Report Updated on 2025-10-10 (2).csv
2025-10-13 19:51:43,920 - metadata - INFO - Processing CSV file
2025-10-13 19:51:44,028 - memory_usage - INFO - Final memory usage: 116.0MB
2025-10-13 19:51:44,028 - metadata - INFO - Metadata processing complete
2025-10-13 19:51:47,516 - metadata - INFO - Starting column value analysis for file: C:\Users\MengNingLuo\Downloads\Credential T2G Report Updated on 2025-10-10 (2).csv
2025-10-13 19:51:47,516 - metadata - INFO - Processing CSV file for column analysis
2025-10-13 19:52:42,889 - metadata - INFO - Starting column value analysis for file: C:\Users\MengNingLuo\Downloads\Credential T2G Report Updated on 2025-10-10 (2).csv
2025-10-13 19:52:42,889 - metadata - INFO - Processing CSV file for column analysis
2025-10-13 19:54:08,267 - metadata - INFO - Starting metadata processing for file: C:\Users\MengNingLuo\Downloads\Credential T2G Report Updated on 2025-10-10 (2).csv
2025-10-13 19:54:08,267 - metadata - INFO - Processing CSV file
2025-10-13 19:54:08,352 - memory_usage - INFO - Final memory usage: 115.5MB
2025-10-13 19:54:08,353 - metadata - INFO - Metadata processing complete
2025-10-13 19:54:17,491 - metadata - INFO - Starting column value analysis for file: C:\Users\MengNingLuo\Downloads\Credential T2G Report Updated on 2025-10-10 (2).csv
2025-10-13 19:54:17,491 - metadata - INFO - Processing CSV file for column analysis
2025-10-13 19:55:03,648 - metadata - INFO - Starting column value analysis for file: C:\Users\MengNingLuo\Downloads\Credential T2G Report Updated on 2025-10-10 (2).csv
2025-10-13 19:55:03,648 - metadata - INFO - Processing CSV file for column analysis
2025-10-13 19:55:08,682 - metadata - INFO - Starting metadata processing for file: C:\Users\MengNingLuo\Downloads\Credential T2G Report Updated on 2025-10-10 (2).csv
2025-10-13 19:55:08,683 - metadata - INFO - Processing CSV file
2025-10-13 19:55:08,779 - memory_usage - INFO - Final memory usage: 115.8MB
2025-10-13 19:55:08,779 - metadata - INFO - Metadata processing complete
2025-10-13 19:56:31,403 - metadata - INFO - Starting metadata processing for file: /tmp/data.csv
2025-10-13 19:56:31,403 - memory_usage - INFO - Final memory usage: 116.0MB
2025-10-13 19:56:31,404 - metadata - INFO - Metadata processing complete
2025-10-13 19:56:45,838 - metadata - INFO - Starting column value analysis for file: data.csv
2025-10-13 19:56:50,747 - metadata - INFO - Starting metadata processing for file: certification_data.csv
2025-10-13 19:56:50,747 - memory_usage - INFO - Final memory usage: 116.0MB
2025-10-13 19:56:50,747 - metadata - INFO - Metadata processing complete
2025-10-13 19:57:12,368 - metadata - INFO - Starting metadata processing for file: C:\Users\MengNingLuo\Downloads\Credential T2G Report Updated on 2025-10-10 (2).csv
2025-10-13 19:57:12,368 - metadata - INFO - Processing CSV file
2025-10-13 19:57:12,457 - memory_usage - INFO - Final memory usage: 116.1MB
2025-10-13 19:57:12,457 - metadata - INFO - Metadata processing complete
2025-10-13 19:59:16,630 - metadata - INFO - Starting metadata processing for file: C:\Users\MengNingLuo\Downloads\Credential T2G Report Updated on 2025-10-10 (2).csv
2025-10-13 19:59:16,631 - metadata - INFO - Processing CSV file
2025-10-13 19:59:16,750 - memory_usage - INFO - Final memory usage: 116.7MB
2025-10-13 19:59:16,750 - metadata - INFO - Metadata processing complete
2025-10-14 16:11:14,218 - metadata - INFO - Starting metadata processing for file: c:\Project\daily work\googel certificate data\Google Certificate 20 June.csv
2025-10-14 16:11:14,218 - metadata - INFO - Processing CSV file
2025-10-14 16:11:14,358 - memory_usage - INFO - Final memory usage: 114.8MB
2025-10-14 16:11:14,358 - metadata - INFO - Metadata processing complete
2025-10-14 16:11:19,923 - metadata - INFO - Starting metadata processing for file: c:\Project\daily work\googel certificate data\Google Certificate 10 Oct.csv
2025-10-14 16:11:19,924 - metadata - INFO - Processing CSV file
2025-10-14 16:11:20,013 - memory_usage - INFO - Final memory usage: 114.9MB
2025-10-14 16:11:20,014 - metadata - INFO - Metadata processing complete
2025-11-08 07:42:52,840 - metadata - INFO - Starting metadata processing for file: C:\Users\MengNingLuo\Downloads\Credential T2G Report Updated on 2025-10-24 (12).csv
2025-11-08 07:42:52,840 - metadata - INFO - Processing CSV file
2025-11-08 07:42:53,007 - memory_usage - INFO - Final memory usage: 116.3MB
2025-11-08 07:42:53,007 - metadata - INFO - Metadata processing complete
2025-11-08 07:44:43,958 - metadata - INFO - Starting metadata processing for file: C:\Users\MengNingLuo\Downloads\Credential T2G Report Updated on 2025-10-24 (12).csv
2025-11-08 07:44:43,958 - metadata - INFO - Processing CSV file
2025-11-08 07:44:44,103 - memory_usage - INFO - Final memory usage: 116.6MB
2025-11-08 07:44:44,103 - metadata - INFO - Metadata processing complete
2025-11-14 12:46:23,536 - metadata - INFO - Starting metadata processing for file: C:\Users\MengNingLuo\Downloads\Credential T2G Report Updated on 2025-11-07(5).xlsx
2025-11-14 12:46:23,537 - metadata - INFO - Processing Excel file
2025-11-14 12:46:25,180 - memory_usage - INFO - Final memory usage: 126.2MB
2025-11-14 12:46:25,180 - metadata - INFO - Metadata processing complete
2025-11-14 12:57:21,671 - metadata - INFO - Starting metadata processing for file: C:\Users\MengNingLuo\Downloads\Credential T2G Report Updated on 2025-11-07(5).xlsx
2025-11-14 12:57:21,672 - metadata - INFO - Processing Excel file
2025-11-14 12:57:23,114 - memory_usage - INFO - Final memory usage: 126.3MB
2025-11-14 12:57:23,114 - metadata - INFO - Metadata processing complete
2025-11-14 13:04:39,950 - metadata - INFO - Starting metadata processing for file: user_file.csv
2025-11-14 13:04:39,950 - memory_usage - INFO - Final memory usage: 219.7MB
2025-11-14 13:04:39,950 - metadata - INFO - Metadata processing complete
2025-11-14 13:05:17,107 - metadata - INFO - Starting metadata processing for file: C:\Users\MengNingLuo\Downloads\Credential T2G Report Updated on 2025-11-07(5).xlsx
2025-11-14 13:05:17,107 - metadata - INFO - Processing Excel file
2025-11-14 13:05:18,688 - memory_usage - INFO - Final memory usage: 219.7MB
2025-11-14 13:05:18,688 - metadata - INFO - Metadata processing complete
2025-11-14 13:07:52,166 - metadata - INFO - Starting metadata processing for file: C:\Users\MengNingLuo\Downloads\Credential T2G Report Updated on 2025-11-07(5).xlsx
2025-11-14 13:07:52,166 - metadata - INFO - Processing Excel file
2025-11-14 13:07:53,757 - memory_usage - INFO - Final memory usage: 220.9MB
2025-11-14 13:07:53,757 - metadata - INFO - Metadata processing complete
